Using pre-set license
Built from '6000.0/staging' branch; Version is '6000.0.40f1 (157d81624ddf) revision 1408385'; Using compiler version '193933523'; Build Type 'Release'
OS: 'Windows 10  (10.0.19045) 64bit Professional' Language: 'zh' Physical Memory: 32693 MB
BatchMode: 1, IsHumanControllingUs: 0, StartBugReporterOnCrash: 0, Is64bit: 1, IsPro: 1

COMMAND LINE ARGUMENTS:
D:\unity\6000.0.40f1\Editor\Unity.exe
-adb2
-batchMode
-noUpm
-name
AssetImportWorker6
-projectPath
M:/newGit/URP_project/project
-logFile
Logs/AssetImportWorker6.log
-srvPort
64678
-job-worker-count
5
-background-job-worker-count
8
-gc-helper-count
1
Successfully changed project path to: M:/newGit/URP_project/project
M:/newGit/URP_project/project
[UnityMemory] Configuration Parameters - Can be set up in boot.config
    "memorysetup-bucket-allocator-granularity=16"
    "memorysetup-bucket-allocator-bucket-count=8"
    "memorysetup-bucket-allocator-block-size=33554432"
    "memorysetup-bucket-allocator-block-count=8"
    "memorysetup-main-allocator-block-size=16777216"
    "memorysetup-thread-allocator-block-size=16777216"
    "memorysetup-gfx-main-allocator-block-size=16777216"
    "memorysetup-gfx-thread-allocator-block-size=16777216"
    "memorysetup-cache-allocator-block-size=4194304"
    "memorysetup-typetree-allocator-block-size=2097152"
    "memorysetup-profiler-bucket-allocator-granularity=16"
    "memorysetup-profiler-bucket-allocator-bucket-count=8"
    "memorysetup-profiler-bucket-allocator-block-size=33554432"
    "memorysetup-profiler-bucket-allocator-block-count=8"
    "memorysetup-profiler-allocator-block-size=16777216"
    "memorysetup-profiler-editor-allocator-block-size=1048576"
    "memorysetup-temp-allocator-size-main=16777216"
    "memorysetup-job-temp-allocator-block-size=2097152"
    "memorysetup-job-temp-allocator-block-size-background=1048576"
    "memorysetup-job-temp-allocator-reduction-small-platforms=262144"
    "memorysetup-allocator-temp-initial-block-size-main=262144"
    "memorysetup-allocator-temp-initial-block-size-worker=262144"
    "memorysetup-temp-allocator-size-background-worker=32768"
    "memorysetup-temp-allocator-size-job-worker=262144"
    "memorysetup-temp-allocator-size-preload-manager=33554432"
    "memorysetup-temp-allocator-size-nav-mesh-worker=65536"
    "memorysetup-temp-allocator-size-audio-worker=65536"
    "memorysetup-temp-allocator-size-cloud-worker=32768"
    "memorysetup-temp-allocator-size-gi-baking-worker=262144"
    "memorysetup-temp-allocator-size-gi-baking-worker=262144"
    "memorysetup-temp-allocator-size-gi-baking-worker=262144"
    "memorysetup-temp-allocator-size-gi-baking-worker=262144"
    "memorysetup-temp-allocator-size-gi-baking-worker=262144"
    "memorysetup-temp-allocator-size-gfx=262144"
Player connection [18856]  Target information:

Player connection [18856]  * "[IP] 25.9.30.234 [Port] 0 [Flags] 2 [Guid] 3413990406 [EditorId] 3413990406 [Version] 1048832 [Id] WindowsEditor(7,DESKTOP-FSSDO9O) [Debug] 1 [PackageName] WindowsEditor [ProjectName] Editor" 

Player connection [18856]  * "[IP] 192.168.1.114 [Port] 0 [Flags] 2 [Guid] 3413990406 [EditorId] 3413990406 [Version] 1048832 [Id] WindowsEditor(7,DESKTOP-FSSDO9O) [Debug] 1 [PackageName] WindowsEditor [ProjectName] Editor" 

Player connection [18856]  * "[IP] 192.168.56.1 [Port] 0 [Flags] 2 [Guid] 3413990406 [EditorId] 3413990406 [Version] 1048832 [Id] WindowsEditor(7,DESKTOP-FSSDO9O) [Debug] 1 [PackageName] WindowsEditor [ProjectName] Editor" 

Player connection [18856] Host joined multi-casting on [225.0.0.222:54997]...
Player connection [18856] Host joined alternative multi-casting on [225.0.0.222:34997]...
JobSystem: Creating JobQueue using job-worker-count value 5
Input System module state changed to: Initialized.
[Physics::Module] Initialized fallback backend.
[Physics::Module] Id: 0xdecafbad
Library Redirect Path: Library/
[Physics::Module] Selected backend.
[Physics::Module] Name: PhysX
[Physics::Module] Id: 0xf2b8ea05
[Physics::Module] SDK Version: 4.1.2
[Physics::Module] Integration Version: 1.0.0
[Physics::Module] Threading Mode: Multi-Threaded
Refreshing native plugins compatible for Editor in 146.82 ms, found 3 plugins.
Preloading 0 native plugins for Editor in 0.00 ms.
Initialize engine version: 6000.0.40f1 (157d81624ddf)
[Subsystems] Discovering subsystems at path D:/unity/6000.0.40f1/Editor/Data/Resources/UnitySubsystems
[Subsystems] Discovering subsystems at path M:/newGit/URP_project/project/Assets
GfxDevice: creating device client; kGfxThreadingModeNonThreaded
Direct3D:
    Version:  Direct3D 11.0 [level 11.1]
    Renderer: NVIDIA GeForce RTX 3060 (ID=0x2504)
    Vendor:   NVIDIA
    VRAM:     12115 MB
    Driver:   32.0.15.6094
Initialize mono
Mono path[0] = 'D:/unity/6000.0.40f1/Editor/Data/Managed'
Mono path[1] = 'D:/unity/6000.0.40f1/Editor/Data/MonoBleedingEdge/lib/mono/unityjit-win32'
Mono config path = 'D:/unity/6000.0.40f1/Editor/Data/MonoBleedingEdge/etc'
Using monoOptions --debugger-agent=transport=dt_socket,embedding=1,server=y,suspend=n,address=127.0.0.1:56100
Begin MonoManager ReloadAssembly
Registering precompiled unity dll's ...
Register platform support module: D:/unity/6000.0.40f1/Editor/Data/PlaybackEngines/WindowsStandaloneSupport/UnityEditor.WindowsStandalone.Extensions.dll
Registered in 0.272063 seconds.
- Loaded All Assemblies, in 10.876 seconds
Native extension for WindowsStandalone target not found
Mono: successfully reloaded assembly
- Finished resetting the current domain, in  0.350 seconds
Domain Reload Profiling: 11226ms
	BeginReloadAssembly (8736ms)
		ExecutionOrderSort (0ms)
		DisableScriptedObjects (0ms)
		BackupInstance (0ms)
		ReleaseScriptingObjects (0ms)
		CreateAndSetChildDomain (1ms)
	RebuildCommonClasses (593ms)
	RebuildNativeTypeToScriptingClass (15ms)
	initialDomainReloadingComplete (320ms)
	LoadAllAssembliesAndSetupDomain (1211ms)
		LoadAssemblies (8735ms)
		RebuildTransferFunctionScriptingTraits (0ms)
		AnalyzeDomain (1208ms)
			TypeCache.Refresh (1206ms)
				TypeCache.ScanAssembly (913ms)
			BuildScriptInfoCaches (0ms)
			ResolveRequiredComponents (0ms)
	FinalizeReload (351ms)
		ReleaseScriptCaches (0ms)
		RebuildScriptCaches (0ms)
		SetupLoadedEditorAssemblies (302ms)
			LogAssemblyErrors (0ms)
			InitializePlatformSupportModulesInManaged (28ms)
			SetLoadedEditorAssemblies (5ms)
			BeforeProcessingInitializeOnLoad (54ms)
			ProcessInitializeOnLoadAttributes (145ms)
			ProcessInitializeOnLoadMethodAttributes (71ms)
			AfterProcessingInitializeOnLoad (0ms)
			EditorAssembliesLoaded (0ms)
		ExecutionOrderSort2 (0ms)
		AwakeInstancesAfterBackupRestoration (0ms)
========================================================================
Worker process is ready to serve import requests
Import Worker Mode flag is 0x00
Begin MonoManager ReloadAssembly
- Loaded All Assemblies, in  8.721 seconds
Refreshing native plugins compatible for Editor in 0.90 ms, found 3 plugins.
Native extension for WindowsStandalone target not found
Mono: successfully reloaded assembly
- Finished resetting the current domain, in  1.296 seconds
Domain Reload Profiling: 10016ms
	BeginReloadAssembly (188ms)
		ExecutionOrderSort (0ms)
		DisableScriptedObjects (7ms)
		BackupInstance (0ms)
		ReleaseScriptingObjects (0ms)
		CreateAndSetChildDomain (26ms)
	RebuildCommonClasses (39ms)
	RebuildNativeTypeToScriptingClass (14ms)
	initialDomainReloadingComplete (39ms)
	LoadAllAssembliesAndSetupDomain (8440ms)
		LoadAssemblies (7728ms)
		RebuildTransferFunctionScriptingTraits (0ms)
		AnalyzeDomain (833ms)
			TypeCache.Refresh (765ms)
				TypeCache.ScanAssembly (679ms)
			BuildScriptInfoCaches (52ms)
			ResolveRequiredComponents (12ms)
	FinalizeReload (1297ms)
		ReleaseScriptCaches (0ms)
		RebuildScriptCaches (0ms)
		SetupLoadedEditorAssemblies (709ms)
			LogAssemblyErrors (0ms)
			InitializePlatformSupportModulesInManaged (2ms)
			SetLoadedEditorAssemblies (5ms)
			BeforeProcessingInitializeOnLoad (107ms)
			ProcessInitializeOnLoadAttributes (486ms)
			ProcessInitializeOnLoadMethodAttributes (106ms)
			AfterProcessingInitializeOnLoad (2ms)
			EditorAssembliesLoaded (0ms)
		ExecutionOrderSort2 (0ms)
		AwakeInstancesAfterBackupRestoration (7ms)
Launched and connected shader compiler UnityShaderCompiler.exe after 0.07 seconds
Refreshing native plugins compatible for Editor in 0.78 ms, found 3 plugins.
Preloading 0 native plugins for Editor in 0.00 ms.
Unloading 198 Unused Serialized files (Serialized files now loaded: 0)
Unloading 5962 unused Assets / (6.7 MB). Loaded Objects now: 6605.
Memory consumption went from 159.8 MB to 153.1 MB.
Total: 9.075600 ms (FindLiveObjects: 0.677000 ms CreateObjectMapping: 0.956300 ms MarkObjects: 4.204800 ms  DeleteObjects: 3.236600 ms)

========================================================================
Received Import Request.
  Time since last request: 90290.585751 seconds.
  path: Assets/Map/JP_Logo/JP_Logo/SUSHI 1.mat
  artifactKey: Guid(b9df850c6d38ac74e888a3a0ec614e1b) Importer(815301076,1909f56bfc062723c751e8b465ee728b)
Start importing Assets/Map/JP_Logo/JP_Logo/SUSHI 1.mat using Guid(b9df850c6d38ac74e888a3a0ec614e1b) Importer(815301076,1909f56bfc062723c751e8b465ee728b) (PreviewImporter) -> (artifact id: 'da90fb89ecf428b1be89b69bda6a30ac') in 4.9125007 seconds
Number of updated asset objects reloaded before import = 0Number of asset objects unloaded after import = 4

========================================================================
Received Import Request.
  Time since last request: 3086.494315 seconds.
  path: Assets/Map/Japam_MapPart2/JPmap_Level2.fbx
  artifactKey: Guid(6f718ecbf74d8974d85be46cb2e0c151) Importer(815301076,1909f56bfc062723c751e8b465ee728b)
Start importing Assets/Map/Japam_MapPart2/JPmap_Level2.fbx using Guid(6f718ecbf74d8974d85be46cb2e0c151) Importer(815301076,1909f56bfc062723c751e8b465ee728b) (PreviewImporter) -> (artifact id: 'e07fa27f7f6ba05ccd45b65b4492eb9b') in 3.0558999 seconds
Number of updated asset objects reloaded before import = 0Number of asset objects unloaded after import = 1875

========================================================================
Received Import Request.
  Time since last request: 4.530544 seconds.
  path: Assets/Map/Grass.mat
  artifactKey: Guid(e7061d4c8a6a4ba42b90b339b62c9d53) Importer(815301076,1909f56bfc062723c751e8b465ee728b)
Start importing Assets/Map/Grass.mat using Guid(e7061d4c8a6a4ba42b90b339b62c9d53) Importer(815301076,1909f56bfc062723c751e8b465ee728b) (PreviewImporter) -> (artifact id: 'd85c39127b5dd5db2801a191bd041ef8') in 0.0189612 seconds
Number of updated asset objects reloaded before import = 0Number of asset objects unloaded after import = 2

========================================================================
Received Import Request.
  Time since last request: 301.392269 seconds.
  path: Assets/Map/Japam_MapPart2/JPmap_Level2.fbx
  artifactKey: Guid(6f718ecbf74d8974d85be46cb2e0c151) Importer(815301076,1909f56bfc062723c751e8b465ee728b)
Start importing Assets/Map/Japam_MapPart2/JPmap_Level2.fbx using Guid(6f718ecbf74d8974d85be46cb2e0c151) Importer(815301076,1909f56bfc062723c751e8b465ee728b) (PreviewImporter) -> (artifact id: 'ce91e563652bd480a89e8e7ad9f6dce8') in 3.2314589 seconds
Number of updated asset objects reloaded before import = 0Number of asset objects unloaded after import = 1875

========================================================================
Received Import Request.
  Time since last request: 0.000036 seconds.
  path: Assets/Map/Japam_MapPart2/JPmap_Level4.fbx
  artifactKey: Guid(48150eca63f07c343bc6ced87a83c2b8) Importer(815301076,1909f56bfc062723c751e8b465ee728b)
Start importing Assets/Map/Japam_MapPart2/JPmap_Level4.fbx using Guid(48150eca63f07c343bc6ced87a83c2b8) Importer(815301076,1909f56bfc062723c751e8b465ee728b) (PreviewImporter) -> (artifact id: '0c52d4678255dbb80c7f0b488654e70b') in 6.8034307 seconds
Number of updated asset objects reloaded before import = 0Number of asset objects unloaded after import = 3855

========================================================================
Received Import Request.
  Time since last request: 0.000041 seconds.
  path: Assets/Map/Japam_MapPart2/JPmap_Level3.fbx
  artifactKey: Guid(58aa42d284fc5cf438a10821361eeac2) Importer(815301076,1909f56bfc062723c751e8b465ee728b)
Start importing Assets/Map/Japam_MapPart2/JPmap_Level3.fbx using Guid(58aa42d284fc5cf438a10821361eeac2) Importer(815301076,1909f56bfc062723c751e8b465ee728b) (PreviewImporter) -> (artifact id: '502834f7956d2f6c164f19bcea064da6') in 7.2925678 seconds
Number of updated asset objects reloaded before import = 0Number of asset objects unloaded after import = 3943

========================================================================
Received Import Request.
  Time since last request: 0.000053 seconds.
  path: Assets/Map/Japam_MapPart2/JPmap_Level6.fbx
  artifactKey: Guid(6c75b028cbe7036409933dd72297edb9) Importer(815301076,1909f56bfc062723c751e8b465ee728b)
Start importing Assets/Map/Japam_MapPart2/JPmap_Level6.fbx using Guid(6c75b028cbe7036409933dd72297edb9) Importer(815301076,1909f56bfc062723c751e8b465ee728b) (PreviewImporter) -> (artifact id: 'a6385f36a31f7981ec57258fcbdc566d') in 5.9383394 seconds
Number of updated asset objects reloaded before import = 0Number of asset objects unloaded after import = 3551

========================================================================
Received Import Request.
  Time since last request: 1506.505452 seconds.
  path: Assets/Map/JP_Material/JP_Logo/SUSHI 1.mat
  artifactKey: Guid(f55bc4ff8df249f4687de24c2055e10f) Importer(815301076,1909f56bfc062723c751e8b465ee728b)
Start importing Assets/Map/JP_Material/JP_Logo/SUSHI 1.mat using Guid(f55bc4ff8df249f4687de24c2055e10f) Importer(815301076,1909f56bfc062723c751e8b465ee728b) (PreviewImporter) -> (artifact id: '2e3a8ba7e7d032234078b235e00c93ec') in 0.0283955 seconds
Number of updated asset objects reloaded before import = 0Number of asset objects unloaded after import = 2

========================================================================
Received Import Request.
  Time since last request: 1411.378596 seconds.
  path: Assets/Map/JP_Material/JP_Logo/SUSHI 1.mat
  artifactKey: Guid(c81eb4f518d88f845a19a7b894099a73) Importer(815301076,1909f56bfc062723c751e8b465ee728b)
Start importing Assets/Map/JP_Material/JP_Logo/SUSHI 1.mat using Guid(c81eb4f518d88f845a19a7b894099a73) Importer(815301076,1909f56bfc062723c751e8b465ee728b) (PreviewImporter) -> (artifact id: '46ca7c62cd2f9864980d67b687477bb2') in 0.0207559 seconds
Number of updated asset objects reloaded before import = 0Number of asset objects unloaded after import = 2

========================================================================
Received Import Request.
  Time since last request: 97.479215 seconds.
  path: Assets/Map/JP_Material/JP_Logo/SUSHI 1.mat
  artifactKey: Guid(202b9117de4365f4aa763ef1aa6f85e3) Importer(815301076,1909f56bfc062723c751e8b465ee728b)
Start importing Assets/Map/JP_Material/JP_Logo/SUSHI 1.mat using Guid(202b9117de4365f4aa763ef1aa6f85e3) Importer(815301076,1909f56bfc062723c751e8b465ee728b) (PreviewImporter) -> (artifact id: '8d7a5e54b50a4edfd657904f32cb29cb') in 0.0295402 seconds
Number of updated asset objects reloaded before import = 0Number of asset objects unloaded after import = 2

========================================================================
Received Import Request.
  Time since last request: 1696.800917 seconds.
  path: Assets/Japan_Map/Japam_MapPart2/Donburi.prefab
  artifactKey: Guid(e8d68410b453aef4cb1d7a69854df05c) Importer(815301076,1909f56bfc062723c751e8b465ee728b)
Start importing Assets/Japan_Map/Japam_MapPart2/Donburi.prefab using Guid(e8d68410b453aef4cb1d7a69854df05c) Importer(815301076,1909f56bfc062723c751e8b465ee728b) (PreviewImporter) -> (artifact id: 'bac4948b07f47fec651c86b9585a1200') in 0.0125343 seconds
Number of updated asset objects reloaded before import = 0Number of asset objects unloaded after import = 19

========================================================================
Received Import Request.
  Time since last request: 0.231421 seconds.
  path: Assets/Japan_Map/Japam_MapPart2/JPmap_Level1.fbx
  artifactKey: Guid(6ae9f704043d3c045b27c5e2cdd9f3ea) Importer(815301076,1909f56bfc062723c751e8b465ee728b)
Start importing Assets/Japan_Map/Japam_MapPart2/JPmap_Level1.fbx using Guid(6ae9f704043d3c045b27c5e2cdd9f3ea) Importer(815301076,1909f56bfc062723c751e8b465ee728b) (PreviewImporter) -> (artifact id: 'f2bb0f9f0f7abd7699dc06a8bf03e8a8') in 3.2935004 seconds
Number of updated asset objects reloaded before import = 0Number of asset objects unloaded after import = 1865

========================================================================
Received Import Request.
  Time since last request: 0.000029 seconds.
  path: Assets/Japan_Map/Japam_MapPart2/OverGas (1).prefab
  artifactKey: Guid(c7fac4029f965774bb17780e5c33f166) Importer(815301076,1909f56bfc062723c751e8b465ee728b)
Start importing Assets/Japan_Map/Japam_MapPart2/OverGas (1).prefab using Guid(c7fac4029f965774bb17780e5c33f166) Importer(815301076,1909f56bfc062723c751e8b465ee728b) (PreviewImporter) -> (artifact id: '0e56ac4d76a7f9e89ba25cb33a016f0e') in 0.0658995 seconds
Number of updated asset objects reloaded before import = 0Number of asset objects unloaded after import = 1882

========================================================================
Received Import Request.
  Time since last request: 0.000049 seconds.
  path: Assets/Japan_Map/Japam_MapPart2/JPmap_Level4.fbx
  artifactKey: Guid(48150eca63f07c343bc6ced87a83c2b8) Importer(815301076,1909f56bfc062723c751e8b465ee728b)
Start importing Assets/Japan_Map/Japam_MapPart2/JPmap_Level4.fbx using Guid(48150eca63f07c343bc6ced87a83c2b8) Importer(815301076,1909f56bfc062723c751e8b465ee728b) (PreviewImporter) -> (artifact id: '9d16110882531cb9b48fdecf2ae5acac') in 7.4974212 seconds
Number of updated asset objects reloaded before import = 0Number of asset objects unloaded after import = 3856

========================================================================
Received Import Request.
  Time since last request: 0.000037 seconds.
  path: Assets/Japan_Map/Japam_MapPart2/JPmap_Level6.fbx
  artifactKey: Guid(6c75b028cbe7036409933dd72297edb9) Importer(815301076,1909f56bfc062723c751e8b465ee728b)
Start importing Assets/Japan_Map/Japam_MapPart2/JPmap_Level6.fbx using Guid(6c75b028cbe7036409933dd72297edb9) Importer(815301076,1909f56bfc062723c751e8b465ee728b) (PreviewImporter) -> (artifact id: '39ac1eda93c3a8f359f20f512f1dc29e') in 5.955532 seconds
Number of updated asset objects reloaded before import = 0Number of asset objects unloaded after import = 3556

========================================================================
Received Import Request.
  Time since last request: 1213.224390 seconds.
  path: Assets/Japan_Map/Invisible wall/UI_Fog/Picture/UI_Smoke.png
  artifactKey: Guid(8868f9167bcdfce41bfa0ea4a9ea5604) Importer(815301076,1909f56bfc062723c751e8b465ee728b)
Start importing Assets/Japan_Map/Invisible wall/UI_Fog/Picture/UI_Smoke.png using Guid(8868f9167bcdfce41bfa0ea4a9ea5604) Importer(815301076,1909f56bfc062723c751e8b465ee728b) (PreviewImporter) -> (artifact id: 'bc3f4e6d621f1b46ec7c8835a74a8cdd') in 0.0596997 seconds
Number of updated asset objects reloaded before import = 0Number of asset objects unloaded after import = 3

========================================================================
Received Import Request.
  Time since last request: 2.711942 seconds.
  path: Assets/Japan_Map/Invisible wall/UI_Fog/Prefab/UI_Fog_2.prefab
  artifactKey: Guid(eb5619ee19194e54fb627209e1ce9248) Importer(815301076,1909f56bfc062723c751e8b465ee728b)
Start importing Assets/Japan_Map/Invisible wall/UI_Fog/Prefab/UI_Fog_2.prefab using Guid(eb5619ee19194e54fb627209e1ce9248) Importer(815301076,1909f56bfc062723c751e8b465ee728b) (PreviewImporter) -> (artifact id: 'bf96c48a7c83601816014f34560dcfec') in 0.0179761 seconds
Number of updated asset objects reloaded before import = 0Number of asset objects unloaded after import = 8

========================================================================
Received Import Request.
  Time since last request: 862.849715 seconds.
  path: Assets/Japan_Map/Invisible wall/UI_Fog/Prefab/UI_Fog_1.prefab
  artifactKey: Guid(113b6688a7e8b9445b9dcc4e1a77b4b1) Importer(815301076,1909f56bfc062723c751e8b465ee728b)
Start importing Assets/Japan_Map/Invisible wall/UI_Fog/Prefab/UI_Fog_1.prefab using Guid(113b6688a7e8b9445b9dcc4e1a77b4b1) Importer(815301076,1909f56bfc062723c751e8b465ee728b) (PreviewImporter) -> (artifact id: '9af6811fe0cc40f9b02f0c4c21d6d05e') in 0.0135817 seconds
Number of updated asset objects reloaded before import = 0Number of asset objects unloaded after import = 8

========================================================================
Received Import Request.
  Time since last request: 0.000029 seconds.
  path: Assets/Japan_Map/Invisible wall/UI_Fog/Prefab/UI_Fog_2.prefab
  artifactKey: Guid(eb5619ee19194e54fb627209e1ce9248) Importer(815301076,1909f56bfc062723c751e8b465ee728b)
Start importing Assets/Japan_Map/Invisible wall/UI_Fog/Prefab/UI_Fog_2.prefab using Guid(eb5619ee19194e54fb627209e1ce9248) Importer(815301076,1909f56bfc062723c751e8b465ee728b) (PreviewImporter) -> (artifact id: 'b1a59832a6bced355e3eb4b00af394aa') in 0.0082867 seconds
Number of updated asset objects reloaded before import = 0Number of asset objects unloaded after import = 8

