Using pre-set license
Built from '6000.0/staging' branch; Version is '6000.0.40f1 (157d81624ddf) revision 1408385'; Using compiler version '193933523'; Build Type 'Release'
OS: 'Windows 10  (10.0.19045) 64bit Professional' Language: 'zh' Physical Memory: 32693 MB
BatchMode: 1, IsHumanControllingUs: 0, StartBugReporterOnCrash: 0, Is64bit: 1, IsPro: 1

COMMAND LINE ARGUMENTS:
D:\unity\6000.0.40f1\Editor\Unity.exe
-adb2
-batchMode
-noUpm
-name
AssetImportWorker8
-projectPath
M:/newGit/URP_project/project
-logFile
Logs/AssetImportWorker8.log
-srvPort
64678
-job-worker-count
5
-background-job-worker-count
8
-gc-helper-count
1
Successfully changed project path to: M:/newGit/URP_project/project
M:/newGit/URP_project/project
[UnityMemory] Configuration Parameters - Can be set up in boot.config
    "memorysetup-bucket-allocator-granularity=16"
    "memorysetup-bucket-allocator-bucket-count=8"
    "memorysetup-bucket-allocator-block-size=33554432"
    "memorysetup-bucket-allocator-block-count=8"
    "memorysetup-main-allocator-block-size=16777216"
    "memorysetup-thread-allocator-block-size=16777216"
    "memorysetup-gfx-main-allocator-block-size=16777216"
    "memorysetup-gfx-thread-allocator-block-size=16777216"
    "memorysetup-cache-allocator-block-size=4194304"
    "memorysetup-typetree-allocator-block-size=2097152"
    "memorysetup-profiler-bucket-allocator-granularity=16"
    "memorysetup-profiler-bucket-allocator-bucket-count=8"
    "memorysetup-profiler-bucket-allocator-block-size=33554432"
    "memorysetup-profiler-bucket-allocator-block-count=8"
    "memorysetup-profiler-allocator-block-size=16777216"
    "memorysetup-profiler-editor-allocator-block-size=1048576"
    "memorysetup-temp-allocator-size-main=16777216"
    "memorysetup-job-temp-allocator-block-size=2097152"
    "memorysetup-job-temp-allocator-block-size-background=1048576"
    "memorysetup-job-temp-allocator-reduction-small-platforms=262144"
    "memorysetup-allocator-temp-initial-block-size-main=262144"
    "memorysetup-allocator-temp-initial-block-size-worker=262144"
    "memorysetup-temp-allocator-size-background-worker=32768"
    "memorysetup-temp-allocator-size-job-worker=262144"
    "memorysetup-temp-allocator-size-preload-manager=33554432"
    "memorysetup-temp-allocator-size-nav-mesh-worker=65536"
    "memorysetup-temp-allocator-size-audio-worker=65536"
    "memorysetup-temp-allocator-size-cloud-worker=32768"
    "memorysetup-temp-allocator-size-gi-baking-worker=262144"
    "memorysetup-temp-allocator-size-gi-baking-worker=262144"
    "memorysetup-temp-allocator-size-gi-baking-worker=262144"
    "memorysetup-temp-allocator-size-gi-baking-worker=262144"
    "memorysetup-temp-allocator-size-gi-baking-worker=262144"
    "memorysetup-temp-allocator-size-gfx=262144"
Player connection [14068]  Target information:

Player connection [14068]  * "[IP] 25.9.30.234 [Port] 0 [Flags] 2 [Guid] 1079138208 [EditorId] 1079138208 [Version] 1048832 [Id] WindowsEditor(7,DESKTOP-FSSDO9O) [Debug] 1 [PackageName] WindowsEditor [ProjectName] Editor" 

Player connection [14068]  * "[IP] 192.168.1.114 [Port] 0 [Flags] 2 [Guid] 1079138208 [EditorId] 1079138208 [Version] 1048832 [Id] WindowsEditor(7,DESKTOP-FSSDO9O) [Debug] 1 [PackageName] WindowsEditor [ProjectName] Editor" 

Player connection [14068]  * "[IP] 192.168.56.1 [Port] 0 [Flags] 2 [Guid] 1079138208 [EditorId] 1079138208 [Version] 1048832 [Id] WindowsEditor(7,DESKTOP-FSSDO9O) [Debug] 1 [PackageName] WindowsEditor [ProjectName] Editor" 

Player connection [14068] Host joined multi-casting on [225.0.0.222:54997]...
Player connection [14068] Host joined alternative multi-casting on [225.0.0.222:34997]...
JobSystem: Creating JobQueue using job-worker-count value 5
Input System module state changed to: Initialized.
[Physics::Module] Initialized fallback backend.
[Physics::Module] Id: 0xdecafbad
Library Redirect Path: Library/
[Physics::Module] Selected backend.
[Physics::Module] Name: PhysX
[Physics::Module] Id: 0xf2b8ea05
[Physics::Module] SDK Version: 4.1.2
[Physics::Module] Integration Version: 1.0.0
[Physics::Module] Threading Mode: Multi-Threaded
Refreshing native plugins compatible for Editor in 1.52 ms, found 3 plugins.
Preloading 0 native plugins for Editor in 0.00 ms.
Initialize engine version: 6000.0.40f1 (157d81624ddf)
[Subsystems] Discovering subsystems at path D:/unity/6000.0.40f1/Editor/Data/Resources/UnitySubsystems
[Subsystems] Discovering subsystems at path M:/newGit/URP_project/project/Assets
GfxDevice: creating device client; kGfxThreadingModeNonThreaded
Direct3D:
    Version:  Direct3D 11.0 [level 11.1]
    Renderer: NVIDIA GeForce RTX 3060 (ID=0x2504)
    Vendor:   NVIDIA
    VRAM:     12115 MB
    Driver:   32.0.15.6094
Initialize mono
Mono path[0] = 'D:/unity/6000.0.40f1/Editor/Data/Managed'
Mono path[1] = 'D:/unity/6000.0.40f1/Editor/Data/MonoBleedingEdge/lib/mono/unityjit-win32'
Mono config path = 'D:/unity/6000.0.40f1/Editor/Data/MonoBleedingEdge/etc'
Using monoOptions --debugger-agent=transport=dt_socket,embedding=1,server=y,suspend=n,address=127.0.0.1:56816
Begin MonoManager ReloadAssembly
Registering precompiled unity dll's ...
Register platform support module: D:/unity/6000.0.40f1/Editor/Data/PlaybackEngines/WindowsStandaloneSupport/UnityEditor.WindowsStandalone.Extensions.dll
Registered in 0.002657 seconds.
- Loaded All Assemblies, in  0.557 seconds
Native extension for WindowsStandalone target not found
Mono: successfully reloaded assembly
- Finished resetting the current domain, in  0.451 seconds
Domain Reload Profiling: 1008ms
	BeginReloadAssembly (209ms)
		ExecutionOrderSort (0ms)
		DisableScriptedObjects (0ms)
		BackupInstance (0ms)
		ReleaseScriptingObjects (0ms)
		CreateAndSetChildDomain (1ms)
	RebuildCommonClasses (53ms)
	RebuildNativeTypeToScriptingClass (16ms)
	initialDomainReloadingComplete (57ms)
	LoadAllAssembliesAndSetupDomain (222ms)
		LoadAssemblies (208ms)
		RebuildTransferFunctionScriptingTraits (0ms)
		AnalyzeDomain (218ms)
			TypeCache.Refresh (217ms)
				TypeCache.ScanAssembly (198ms)
			BuildScriptInfoCaches (0ms)
			ResolveRequiredComponents (0ms)
	FinalizeReload (452ms)
		ReleaseScriptCaches (0ms)
		RebuildScriptCaches (0ms)
		SetupLoadedEditorAssemblies (391ms)
			LogAssemblyErrors (0ms)
			InitializePlatformSupportModulesInManaged (35ms)
			SetLoadedEditorAssemblies (7ms)
			BeforeProcessingInitializeOnLoad (73ms)
			ProcessInitializeOnLoadAttributes (198ms)
			ProcessInitializeOnLoadMethodAttributes (78ms)
			AfterProcessingInitializeOnLoad (0ms)
			EditorAssembliesLoaded (0ms)
		ExecutionOrderSort2 (0ms)
		AwakeInstancesAfterBackupRestoration (0ms)
========================================================================
Worker process is ready to serve import requests
Import Worker Mode flag is 0x00
Begin MonoManager ReloadAssembly
- Loaded All Assemblies, in  0.999 seconds
Refreshing native plugins compatible for Editor in 1.10 ms, found 3 plugins.
Native extension for WindowsStandalone target not found
Mono: successfully reloaded assembly
- Finished resetting the current domain, in  1.027 seconds
Domain Reload Profiling: 2025ms
	BeginReloadAssembly (270ms)
		ExecutionOrderSort (0ms)
		DisableScriptedObjects (10ms)
		BackupInstance (0ms)
		ReleaseScriptingObjects (0ms)
		CreateAndSetChildDomain (46ms)
	RebuildCommonClasses (56ms)
	RebuildNativeTypeToScriptingClass (18ms)
	initialDomainReloadingComplete (48ms)
	LoadAllAssembliesAndSetupDomain (605ms)
		LoadAssemblies (453ms)
		RebuildTransferFunctionScriptingTraits (0ms)
		AnalyzeDomain (322ms)
			TypeCache.Refresh (242ms)
				TypeCache.ScanAssembly (222ms)
			BuildScriptInfoCaches (61ms)
			ResolveRequiredComponents (15ms)
	FinalizeReload (1028ms)
		ReleaseScriptCaches (0ms)
		RebuildScriptCaches (0ms)
		SetupLoadedEditorAssemblies (799ms)
			LogAssemblyErrors (0ms)
			InitializePlatformSupportModulesInManaged (3ms)
			SetLoadedEditorAssemblies (6ms)
			BeforeProcessingInitializeOnLoad (127ms)
			ProcessInitializeOnLoadAttributes (519ms)
			ProcessInitializeOnLoadMethodAttributes (142ms)
			AfterProcessingInitializeOnLoad (2ms)
			EditorAssembliesLoaded (0ms)
		ExecutionOrderSort2 (0ms)
		AwakeInstancesAfterBackupRestoration (7ms)
Launched and connected shader compiler UnityShaderCompiler.exe after 0.02 seconds
Refreshing native plugins compatible for Editor in 0.96 ms, found 3 plugins.
Preloading 0 native plugins for Editor in 0.00 ms.
Unloading 198 Unused Serialized files (Serialized files now loaded: 0)
Unloading 5962 unused Assets / (7.4 MB). Loaded Objects now: 6605.
Memory consumption went from 160.0 MB to 152.6 MB.
Total: 15.381600 ms (FindLiveObjects: 1.001600 ms CreateObjectMapping: 1.362200 ms MarkObjects: 8.163400 ms  DeleteObjects: 4.853100 ms)

========================================================================
Received Import Request.
  Time since last request: 98432.151499 seconds.
  path: Assets/Japan_Map/Japam_MapPart2/Water (1).prefab
  artifactKey: Guid(1a7860a2caa81854da92c86dcd50d5d8) Importer(815301076,1909f56bfc062723c751e8b465ee728b)
Start importing Assets/Japan_Map/Japam_MapPart2/Water (1).prefab using Guid(1a7860a2caa81854da92c86dcd50d5d8) Importer(815301076,1909f56bfc062723c751e8b465ee728b) (PreviewImporter) -> (artifact id: 'e9c9801265d3de05047477a7c6d2573d') in 0.9641618 seconds
Number of updated asset objects reloaded before import = 0Number of asset objects unloaded after import = 3565

========================================================================
Received Import Request.
  Time since last request: 0.000039 seconds.
  path: Assets/Japan_Map/Japam_MapPart2/JPmap_Level5.fbx
  artifactKey: Guid(0664273c3b74fbf4187a602b42276d0e) Importer(815301076,1909f56bfc062723c751e8b465ee728b)
Start importing Assets/Japan_Map/Japam_MapPart2/JPmap_Level5.fbx using Guid(0664273c3b74fbf4187a602b42276d0e) Importer(815301076,1909f56bfc062723c751e8b465ee728b) (PreviewImporter) -> (artifact id: 'b9c10b67f8ea163ed0ba6ee4c35bc0ed') in 6.8581038 seconds
Number of updated asset objects reloaded before import = 0Number of asset objects unloaded after import = 3556

========================================================================
Received Import Request.
  Time since last request: 590.765439 seconds.
  path: Assets/Japan_Map/Japam_MapPart2/Sukiyaki.fbx
  artifactKey: Guid(0c075cb2484a0d34aa49d635c055c8d5) Importer(815301076,1909f56bfc062723c751e8b465ee728b)
Start importing Assets/Japan_Map/Japam_MapPart2/Sukiyaki.fbx using Guid(0c075cb2484a0d34aa49d635c055c8d5) Importer(815301076,1909f56bfc062723c751e8b465ee728b) (PreviewImporter) -> (artifact id: '4d6751a0081cdc6b41727d59b92c9c99') in 0.0370639 seconds
Number of updated asset objects reloaded before import = 0Number of asset objects unloaded after import = 10

========================================================================
Received Import Request.
  Time since last request: 61.152091 seconds.
  path: Assets/Japan_Map/Japam_MapPart2/Sukiyaki.fbx
  artifactKey: Guid(0c075cb2484a0d34aa49d635c055c8d5) Importer(815301076,1909f56bfc062723c751e8b465ee728b)
Start importing Assets/Japan_Map/Japam_MapPart2/Sukiyaki.fbx using Guid(0c075cb2484a0d34aa49d635c055c8d5) Importer(815301076,1909f56bfc062723c751e8b465ee728b) (PreviewImporter) -> (artifact id: '0f53b4b6b961c23e78cb003ee2f46aba') in 0.0336078 seconds
Number of updated asset objects reloaded before import = 0Number of asset objects unloaded after import = 11

========================================================================
Received Import Request.
  Time since last request: 415.380691 seconds.
  path: Assets/Japan_Map/Invisible wall
  artifactKey: Guid(d045261475b922d498c65414d2a6e112) Importer(815301076,1909f56bfc062723c751e8b465ee728b)
Start importing Assets/Japan_Map/Invisible wall using Guid(d045261475b922d498c65414d2a6e112) Importer(815301076,1909f56bfc062723c751e8b465ee728b) (PreviewImporter) -> (artifact id: '17cb492671b8a9cdcb085383a181ec14') in 0.0012161 seconds
Number of updated asset objects reloaded before import = 0Number of asset objects unloaded after import = 0

========================================================================
Received Import Request.
  Time since last request: 128.171860 seconds.
  path: Assets/Japan_Map/Invisible wall/UI_Smoke_01.png
  artifactKey: Guid(050e30c818fe41c42a7bab372c5caab0) Importer(815301076,1909f56bfc062723c751e8b465ee728b)
Start importing Assets/Japan_Map/Invisible wall/UI_Smoke_01.png using Guid(050e30c818fe41c42a7bab372c5caab0) Importer(815301076,1909f56bfc062723c751e8b465ee728b) (PreviewImporter) -> (artifact id: '161fec403123b2bccba94d2d0b225b43') in 0.0286295 seconds
Number of updated asset objects reloaded before import = 0Number of asset objects unloaded after import = 2

========================================================================
Received Import Request.
  Time since last request: 12.606080 seconds.
  path: Assets/UI_Fog
  artifactKey: Guid(e310c618bb77bf2489a63f2d0108e479) Importer(815301076,1909f56bfc062723c751e8b465ee728b)
Start importing Assets/UI_Fog using Guid(e310c618bb77bf2489a63f2d0108e479) Importer(815301076,1909f56bfc062723c751e8b465ee728b) (PreviewImporter) -> (artifact id: 'df51f2f5a25d42a59e2e984e872a93d0') in 0.0008166 seconds
Number of updated asset objects reloaded before import = 0Number of asset objects unloaded after import = 0

========================================================================
Received Import Request.
  Time since last request: 8.686297 seconds.
  path: Assets/Japan_Map/Invisible wall/UI_Fog/Picture
  artifactKey: Guid(6430f4682b6083544a3154cdb01ecf09) Importer(815301076,1909f56bfc062723c751e8b465ee728b)
Start importing Assets/Japan_Map/Invisible wall/UI_Fog/Picture using Guid(6430f4682b6083544a3154cdb01ecf09) Importer(815301076,1909f56bfc062723c751e8b465ee728b) (PreviewImporter) -> (artifact id: '09e674fe5c462e1fedfbb8400d1e25e4') in 0.0007642 seconds
Number of updated asset objects reloaded before import = 0Number of asset objects unloaded after import = 0

========================================================================
Received Import Request.
  Time since last request: 0.179842 seconds.
  path: Assets/Japan_Map/Invisible wall/UI_Fog/Picture/UI_Fog.png
  artifactKey: Guid(68c5a009560ff79448877da5c300e5c8) Importer(815301076,1909f56bfc062723c751e8b465ee728b)
Start importing Assets/Japan_Map/Invisible wall/UI_Fog/Picture/UI_Fog.png using Guid(68c5a009560ff79448877da5c300e5c8) Importer(815301076,1909f56bfc062723c751e8b465ee728b) (PreviewImporter) -> (artifact id: 'ef176d94261bdb9f76802a7d6f0e6865') in 0.0603761 seconds
Number of updated asset objects reloaded before import = 0Number of asset objects unloaded after import = 3

========================================================================
Received Import Request.
  Time since last request: 2.645487 seconds.
  path: Assets/Japan_Map/Invisible wall/UI_Fog/Prefab
  artifactKey: Guid(a201b28802f6b6744b16ad53271707f4) Importer(815301076,1909f56bfc062723c751e8b465ee728b)
Start importing Assets/Japan_Map/Invisible wall/UI_Fog/Prefab using Guid(a201b28802f6b6744b16ad53271707f4) Importer(815301076,1909f56bfc062723c751e8b465ee728b) (PreviewImporter) -> (artifact id: '496080129ac85ea49e6e90c950f0fb3d') in 0.0006953 seconds
Number of updated asset objects reloaded before import = 0Number of asset objects unloaded after import = 0

========================================================================
Received Import Request.
  Time since last request: 0.039471 seconds.
  path: Assets/Japan_Map/Invisible wall/UI_Fog/Prefab/UI_Fog_1.prefab
  artifactKey: Guid(113b6688a7e8b9445b9dcc4e1a77b4b1) Importer(815301076,1909f56bfc062723c751e8b465ee728b)
Start importing Assets/Japan_Map/Invisible wall/UI_Fog/Prefab/UI_Fog_1.prefab using Guid(113b6688a7e8b9445b9dcc4e1a77b4b1) Importer(815301076,1909f56bfc062723c751e8b465ee728b) (PreviewImporter) -> (artifact id: 'e5e1c675338a7def0ceb38fd449a1e2f') in 0.0184095 seconds
Number of updated asset objects reloaded before import = 0Number of asset objects unloaded after import = 8

========================================================================
Received Import Request.
  Time since last request: 0.813598 seconds.
  path: Assets/Japan_Map/Invisible wall/UI_Fog/Picture/Materials/UI_Smoke.mat
  artifactKey: Guid(10c55d91cbe02ab4a97ddcba91c74941) Importer(815301076,1909f56bfc062723c751e8b465ee728b)
Start importing Assets/Japan_Map/Invisible wall/UI_Fog/Picture/Materials/UI_Smoke.mat using Guid(10c55d91cbe02ab4a97ddcba91c74941) Importer(815301076,1909f56bfc062723c751e8b465ee728b) (PreviewImporter) -> (artifact id: '61a2d275408aafab4b97844d62a48ff2') in 0.0946822 seconds
Number of updated asset objects reloaded before import = 0Number of asset objects unloaded after import = 2

========================================================================
Received Import Request.
  Time since last request: 20.705696 seconds.
  path: Assets/Japan_Map/Invisible wall/UI_Fog/Picture/Materials/UI_Fog.mat
  artifactKey: Guid(a252eb791bf51b34ea00070fb34315f8) Importer(815301076,1909f56bfc062723c751e8b465ee728b)
Start importing Assets/Japan_Map/Invisible wall/UI_Fog/Picture/Materials/UI_Fog.mat using Guid(a252eb791bf51b34ea00070fb34315f8) Importer(815301076,1909f56bfc062723c751e8b465ee728b) (PreviewImporter) -> (artifact id: 'a097728d512fca5623c4507a8ac6c8df') in 0.0279067 seconds
Number of updated asset objects reloaded before import = 0Number of asset objects unloaded after import = 2

========================================================================
Received Import Request.
  Time since last request: 760.485148 seconds.
  path: Assets/Japan_Map/Invisible wall/UI_Fog/Prefab/Invisiblewall.prefab
  artifactKey: Guid(334367a09ab74304dae8625a7471af79) Importer(815301076,1909f56bfc062723c751e8b465ee728b)
Start importing Assets/Japan_Map/Invisible wall/UI_Fog/Prefab/Invisiblewall.prefab using Guid(334367a09ab74304dae8625a7471af79) Importer(815301076,1909f56bfc062723c751e8b465ee728b) (PreviewImporter) -> (artifact id: '7ef60e2e908bb6edbddecd2907141523') in 0.0506892 seconds
Number of updated asset objects reloaded before import = 0Number of asset objects unloaded after import = 518

========================================================================
Received Import Request.
  Time since last request: 6.280827 seconds.
  path: Assets/Japan_Map/Invisible wall/UI_Fog/Prefab/Invisiblewall5~6.prefab
  artifactKey: Guid(334367a09ab74304dae8625a7471af79) Importer(815301076,1909f56bfc062723c751e8b465ee728b)
Start importing Assets/Japan_Map/Invisible wall/UI_Fog/Prefab/Invisiblewall5~6.prefab using Guid(334367a09ab74304dae8625a7471af79) Importer(815301076,1909f56bfc062723c751e8b465ee728b) (PreviewImporter) -> (artifact id: '11c9dbdd9f32a838eedf5aa45a3e2d4a') in 0.0425973 seconds
Number of updated asset objects reloaded before import = 0Number of asset objects unloaded after import = 518

========================================================================
Received Import Request.
  Time since last request: 23.291735 seconds.
  path: Assets/Scenes/Level6.unity
  artifactKey: Guid(521c4849147ff394bbdd9b721097309c) Importer(815301076,1909f56bfc062723c751e8b465ee728b)
Start importing Assets/Scenes/Level6.unity using Guid(521c4849147ff394bbdd9b721097309c) Importer(815301076,1909f56bfc062723c751e8b465ee728b) (PreviewImporter) -> (artifact id: '5ec3b361ccd4d56f5b03d4b3c6939e41') in 0.0008646 seconds
Number of updated asset objects reloaded before import = 0Number of asset objects unloaded after import = 0

========================================================================
Received Import Request.
  Time since last request: 41.988904 seconds.
  path: Assets/Scenes/Level6.unity
  artifactKey: Guid(521c4849147ff394bbdd9b721097309c) Importer(815301076,1909f56bfc062723c751e8b465ee728b)
Start importing Assets/Scenes/Level6.unity using Guid(521c4849147ff394bbdd9b721097309c) Importer(815301076,1909f56bfc062723c751e8b465ee728b) (PreviewImporter) -> (artifact id: '5ac47d660efeb9d594d818a88e312b93') in 0.0007062 seconds
Number of updated asset objects reloaded before import = 0Number of asset objects unloaded after import = 0

========================================================================
Received Import Request.
  Time since last request: 8.896068 seconds.
  path: Assets/Japan_Map/Invisible wall/UI_Fog/Prefab/Invisiblewall5~6.prefab
  artifactKey: Guid(334367a09ab74304dae8625a7471af79) Importer(815301076,1909f56bfc062723c751e8b465ee728b)
Start importing Assets/Japan_Map/Invisible wall/UI_Fog/Prefab/Invisiblewall5~6.prefab using Guid(334367a09ab74304dae8625a7471af79) Importer(815301076,1909f56bfc062723c751e8b465ee728b) (PreviewImporter) -> (artifact id: 'cbe858b37050b1cad5deb629f474ef74') in 0.0509155 seconds
Number of updated asset objects reloaded before import = 0Number of asset objects unloaded after import = 518

========================================================================
Received Import Request.
  Time since last request: 13.254551 seconds.
  path: Assets/Japan_Map/Invisible wall/UI_Fog/Picture/Materials/UI_Smoke.mat
  artifactKey: Guid(10c55d91cbe02ab4a97ddcba91c74941) Importer(815301076,1909f56bfc062723c751e8b465ee728b)
Start importing Assets/Japan_Map/Invisible wall/UI_Fog/Picture/Materials/UI_Smoke.mat using Guid(10c55d91cbe02ab4a97ddcba91c74941) Importer(815301076,1909f56bfc062723c751e8b465ee728b) (PreviewImporter) -> (artifact id: '8679c546abad299a0677080059e97275') in 0.0432265 seconds
Number of updated asset objects reloaded before import = 0Number of asset objects unloaded after import = 2

========================================================================
Received Import Request.
  Time since last request: 561.625050 seconds.
  path: Assets/Japan_Map/Invisible wall/UI_Fog/Picture/Materials/UI_Fog.mat
  artifactKey: Guid(a252eb791bf51b34ea00070fb34315f8) Importer(815301076,1909f56bfc062723c751e8b465ee728b)
Start importing Assets/Japan_Map/Invisible wall/UI_Fog/Picture/Materials/UI_Fog.mat using Guid(a252eb791bf51b34ea00070fb34315f8) Importer(815301076,1909f56bfc062723c751e8b465ee728b) (PreviewImporter) -> (artifact id: '7a37ca06ecf869d1103e8d5f253e3ef7') in 0.0312053 seconds
Number of updated asset objects reloaded before import = 0Number of asset objects unloaded after import = 2

========================================================================
Received Import Request.
  Time since last request: 424.159931 seconds.
  path: Assets/Japan_Map/Invisible wall/UI_Fog/Prefab/invisiblewall.prefab
  artifactKey: Guid(b455c6ecdc821454aa3b239a69172d43) Importer(815301076,1909f56bfc062723c751e8b465ee728b)
Start importing Assets/Japan_Map/Invisible wall/UI_Fog/Prefab/invisiblewall.prefab using Guid(b455c6ecdc821454aa3b239a69172d43) Importer(815301076,1909f56bfc062723c751e8b465ee728b) (PreviewImporter) -> (artifact id: 'a7658cfc9226801843fbee3d6822b61a') in 0.0426479 seconds
Number of updated asset objects reloaded before import = 0Number of asset objects unloaded after import = 376

========================================================================
Received Import Request.
  Time since last request: 7.790678 seconds.
  path: Assets/Japan_Map/Invisible wall/UI_Fog/Prefab/invisiblewall34.prefab
  artifactKey: Guid(b455c6ecdc821454aa3b239a69172d43) Importer(815301076,1909f56bfc062723c751e8b465ee728b)
Start importing Assets/Japan_Map/Invisible wall/UI_Fog/Prefab/invisiblewall34.prefab using Guid(b455c6ecdc821454aa3b239a69172d43) Importer(815301076,1909f56bfc062723c751e8b465ee728b) (PreviewImporter) -> (artifact id: 'b89c052626aca7d8be5f6c9af305dca4') in 0.0366237 seconds
Number of updated asset objects reloaded before import = 0Number of asset objects unloaded after import = 376

========================================================================
Received Import Request.
  Time since last request: 8.541332 seconds.
  path: Assets/Japan_Map/Invisible wall/UI_Fog/Prefab/invisiblewall3~4.prefab
  artifactKey: Guid(b455c6ecdc821454aa3b239a69172d43) Importer(815301076,1909f56bfc062723c751e8b465ee728b)
Start importing Assets/Japan_Map/Invisible wall/UI_Fog/Prefab/invisiblewall3~4.prefab using Guid(b455c6ecdc821454aa3b239a69172d43) Importer(815301076,1909f56bfc062723c751e8b465ee728b) (PreviewImporter) -> (artifact id: '576c2759043adda3ff9cea198f065e15') in 0.0336364 seconds
Number of updated asset objects reloaded before import = 0Number of asset objects unloaded after import = 376

========================================================================
Received Import Request.
  Time since last request: 49.396326 seconds.
  path: Assets/Scenes/Level3.unity
  artifactKey: Guid(6965d277b784f8f479199fe29d785eb2) Importer(815301076,1909f56bfc062723c751e8b465ee728b)
Start importing Assets/Scenes/Level3.unity using Guid(6965d277b784f8f479199fe29d785eb2) Importer(815301076,1909f56bfc062723c751e8b465ee728b) (PreviewImporter) -> (artifact id: 'af7641cd4afdab7052b55e1e931a1bfb') in 0.000746 seconds
Number of updated asset objects reloaded before import = 0Number of asset objects unloaded after import = 0

========================================================================
Received Import Request.
  Time since last request: 334.186281 seconds.
  path: Assets/Japan_Map/Invisible wall/UI_Fog/Prefab/invisible1~2.prefab
  artifactKey: Guid(a68f8796ce100af4799de829e0ad1ffb) Importer(815301076,1909f56bfc062723c751e8b465ee728b)
Start importing Assets/Japan_Map/Invisible wall/UI_Fog/Prefab/invisible1~2.prefab using Guid(a68f8796ce100af4799de829e0ad1ffb) Importer(815301076,1909f56bfc062723c751e8b465ee728b) (PreviewImporter) -> (artifact id: '54bb9e0f35e1c2d9ed175442a316a8c9') in 0.0356588 seconds
Number of updated asset objects reloaded before import = 0Number of asset objects unloaded after import = 231

